2023-04-18 20:45:02 INFO  Log:15 - ***************
2023-04-18 20:45:02 INFO  Log:16 - ***************
2023-04-18 20:45:02 INFO  Log:17 - *****This is the beginning of my test case*******
2023-04-18 20:45:02 INFO  Log:25 - My test case is executing right now
2023-04-18 20:45:02 INFO  Log:28 - My test case might have some trivial issues
2023-04-18 20:45:17 INFO  Log:25 - This test case is about to get completed
2023-04-18 20:45:17 INFO  Log:20 - ############
2023-04-18 20:45:17 INFO  Log:21 - ############
2023-04-18 20:45:17 INFO  Log:22 - ############This test case is finished#############
2023-04-18 20:47:16 INFO  Log:15 - ***************
2023-04-18 20:47:16 INFO  Log:16 - ***************
2023-04-18 20:47:16 INFO  Log:17 - *****This is the beginning of my test case*******
2023-04-18 20:47:16 INFO  Log:25 - My test case is executing right now
2023-04-18 20:47:16 INFO  Log:28 - My test case might have some trivial issues
2023-04-18 20:47:42 INFO  Log:25 - This test case is about to get completed
2023-04-18 20:47:42 INFO  Log:20 - ############
2023-04-18 20:47:42 INFO  Log:21 - ############
2023-04-18 20:47:42 INFO  Log:22 - ############This test case is finished#############
2023-05-30 21:32:59 INFO  Log:15 - ***************
2023-05-30 21:32:59 INFO  Log:16 - ***************
2023-05-30 21:32:59 INFO  Log:17 - *****This is the beginning of my test case*******
2023-05-30 21:32:59 INFO  Log:25 - My test case is executing right now
2023-05-30 21:32:59 INFO  Log:28 - My test case might have some trivial issues
2023-05-30 21:33:22 INFO  Log:25 - This test case is about to get completed
2023-05-30 21:33:22 INFO  Log:20 - ############
2023-05-30 21:33:22 INFO  Log:21 - ############
2023-05-30 21:33:22 INFO  Log:22 - ############This test case is finished#############
